<?xml version="1.0" encoding="UTF-8"?>
<!-- Generated by org.testng.reporters.JUnitReportReporter -->
<testsuite hostname="PRQA-WS-MO" name="com.ontestautomation.restassured.datadriven.RestAssuredDataDrivenTests" tests="6" failures="0" timestamp="2 Feb 2017 10:59:25 GMT" time="2.589" errors="0">
  <testcase name="circuitLocationTest" time="0.056" classname="com.ontestautomation.restassured.datadriven.RestAssuredDataDrivenTests"/>
  <testcase name="circuitLocationTest" time="0.052" classname="com.ontestautomation.restassured.datadriven.RestAssuredDataDrivenTests"/>
  <testcase name="md5JsonTest" time="0.151" classname="com.ontestautomation.restassured.datadriven.RestAssuredDataDrivenTests"/>
  <testcase name="md5JsonTest" time="0.459" classname="com.ontestautomation.restassured.datadriven.RestAssuredDataDrivenTests"/>
  <testcase name="circuitLocationTest" time="1.718" classname="com.ontestautomation.restassured.datadriven.RestAssuredDataDrivenTests"/>
  <testcase name="md5JsonTest" time="0.153" classname="com.ontestautomation.restassured.datadriven.RestAssuredDataDrivenTests"/>
</testsuite> <!-- com.ontestautomation.restassured.datadriven.RestAssuredDataDrivenTests -->
