<?xml version="1.0" encoding="UTF-8"?>
<!-- Generated by org.testng.reporters.JUnitReportReporter -->
<testsuite hostname="PRQA-WS-MO" name="com.ontestautomation.restassured.datadriven.RestAssuredDataDrivenTests2" tests="100" failures="0" timestamp="2 Feb 2017 18:25:32 GMT" time="6.412" errors="0">
  <testcase name="compoundMetricChec" time="0.049" classname="com.ontestautomation.restassured.datadriven.RestAssuredDataDrivenTests2"/>
  <testcase name="compoundMetricChec" time="0.051" classname="com.ontestautomation.restassured.datadriven.RestAssuredDataDrivenTests2"/>
  <testcase name="compoundMetricChec" time="0.049" classname="com.ontestautomation.restassured.datadriven.RestAssuredDataDrivenTests2"/>
  <testcase name="compoundMetricChec" time="0.053" classname="com.ontestautomation.restassured.datadriven.RestAssuredDataDrivenTests2"/>
  <testcase name="compoundMetricChec" time="0.049" classname="com.ontestautomation.restassured.datadriven.RestAssuredDataDrivenTests2"/>
  <testcase name="compoundMetricChec" time="0.048" classname="com.ontestautomation.restassured.datadriven.RestAssuredDataDrivenTests2"/>
  <testcase name="compoundMetricChec" time="0.051" classname="com.ontestautomation.restassured.datadriven.RestAssuredDataDrivenTests2"/>
  <testcase name="compoundMetricChec" time="0.049" classname="com.ontestautomation.restassured.datadriven.RestAssuredDataDrivenTests2"/>
  <testcase name="compoundMetricChec" time="0.048" classname="com.ontestautomation.restassured.datadriven.RestAssuredDataDrivenTests2"/>
  <testcase name="compoundMetricChec" time="0.061" classname="com.ontestautomation.restassured.datadriven.RestAssuredDataDrivenTests2"/>
  <testcase name="compoundMetricChec" time="0.049" classname="com.ontestautomation.restassured.datadriven.RestAssuredDataDrivenTests2"/>
  <testcase name="compoundMetricChec" time="0.047" classname="com.ontestautomation.restassured.datadriven.RestAssuredDataDrivenTests2"/>
  <testcase name="compoundMetricChec" time="0.050" classname="com.ontestautomation.restassured.datadriven.RestAssuredDataDrivenTests2"/>
  <testcase name="compoundMetricChec" time="0.049" classname="com.ontestautomation.restassured.datadriven.RestAssuredDataDrivenTests2"/>
  <testcase name="compoundMetricChec" time="0.051" classname="com.ontestautomation.restassured.datadriven.RestAssuredDataDrivenTests2"/>
  <testcase name="compoundMetricChec" time="0.047" classname="com.ontestautomation.restassured.datadriven.RestAssuredDataDrivenTests2"/>
  <testcase name="compoundMetricChec" time="0.053" classname="com.ontestautomation.restassured.datadriven.RestAssuredDataDrivenTests2"/>
  <testcase name="compoundMetricChec" time="0.058" classname="com.ontestautomation.restassured.datadriven.RestAssuredDataDrivenTests2"/>
  <testcase name="compoundMetricChec" time="0.052" classname="com.ontestautomation.restassured.datadriven.RestAssuredDataDrivenTests2"/>
  <testcase name="compoundMetricChec" time="0.046" classname="com.ontestautomation.restassured.datadriven.RestAssuredDataDrivenTests2"/>
  <testcase name="compoundMetricChec" time="0.050" classname="com.ontestautomation.restassured.datadriven.RestAssuredDataDrivenTests2"/>
  <testcase name="compoundMetricChec" time="0.049" classname="com.ontestautomation.restassured.datadriven.RestAssuredDataDrivenTests2"/>
  <testcase name="compoundMetricChec" time="0.054" classname="com.ontestautomation.restassured.datadriven.RestAssuredDataDrivenTests2"/>
  <testcase name="compoundMetricChec" time="0.047" classname="com.ontestautomation.restassured.datadriven.RestAssuredDataDrivenTests2"/>
  <testcase name="compoundMetricChec" time="0.049" classname="com.ontestautomation.restassured.datadriven.RestAssuredDataDrivenTests2"/>
  <testcase name="compoundMetricChec" time="0.067" classname="com.ontestautomation.restassured.datadriven.RestAssuredDataDrivenTests2"/>
  <testcase name="compoundMetricChec" time="0.050" classname="com.ontestautomation.restassured.datadriven.RestAssuredDataDrivenTests2"/>
  <testcase name="compoundMetricChec" time="0.057" classname="com.ontestautomation.restassured.datadriven.RestAssuredDataDrivenTests2"/>
  <testcase name="compoundMetricChec" time="0.051" classname="com.ontestautomation.restassured.datadriven.RestAssuredDataDrivenTests2"/>
  <testcase name="compoundMetricChec" time="0.049" classname="com.ontestautomation.restassured.datadriven.RestAssuredDataDrivenTests2"/>
  <testcase name="compoundMetricChec" time="0.048" classname="com.ontestautomation.restassured.datadriven.RestAssuredDataDrivenTests2"/>
  <testcase name="compoundMetricChec" time="0.047" classname="com.ontestautomation.restassured.datadriven.RestAssuredDataDrivenTests2"/>
  <testcase name="compoundMetricChec" time="0.049" classname="com.ontestautomation.restassured.datadriven.RestAssuredDataDrivenTests2"/>
  <testcase name="compoundMetricChec" time="0.048" classname="com.ontestautomation.restassured.datadriven.RestAssuredDataDrivenTests2"/>
  <testcase name="compoundMetricChec" time="0.059" classname="com.ontestautomation.restassured.datadriven.RestAssuredDataDrivenTests2"/>
  <testcase name="compoundMetricChec" time="0.052" classname="com.ontestautomation.restassured.datadriven.RestAssuredDataDrivenTests2"/>
  <testcase name="compoundMetricChec" time="0.054" classname="com.ontestautomation.restassured.datadriven.RestAssuredDataDrivenTests2"/>
  <testcase name="compoundMetricChec" time="0.054" classname="com.ontestautomation.restassured.datadriven.RestAssuredDataDrivenTests2"/>
  <testcase name="compoundMetricChec" time="0.048" classname="com.ontestautomation.restassured.datadriven.RestAssuredDataDrivenTests2"/>
  <testcase name="compoundMetricChec" time="0.048" classname="com.ontestautomation.restassured.datadriven.RestAssuredDataDrivenTests2"/>
  <testcase name="compoundMetricChec" time="0.054" classname="com.ontestautomation.restassured.datadriven.RestAssuredDataDrivenTests2"/>
  <testcase name="compoundMetricChec" time="0.047" classname="com.ontestautomation.restassured.datadriven.RestAssuredDataDrivenTests2"/>
  <testcase name="compoundMetricChec" time="0.058" classname="com.ontestautomation.restassured.datadriven.RestAssuredDataDrivenTests2"/>
  <testcase name="compoundMetricChec" time="0.047" classname="com.ontestautomation.restassured.datadriven.RestAssuredDataDrivenTests2"/>
  <testcase name="compoundMetricChec" time="0.056" classname="com.ontestautomation.restassured.datadriven.RestAssuredDataDrivenTests2"/>
  <testcase name="compoundMetricChec" time="0.050" classname="com.ontestautomation.restassured.datadriven.RestAssuredDataDrivenTests2"/>
  <testcase name="compoundMetricChec" time="0.052" classname="com.ontestautomation.restassured.datadriven.RestAssuredDataDrivenTests2"/>
  <testcase name="compoundMetricChec" time="0.062" classname="com.ontestautomation.restassured.datadriven.RestAssuredDataDrivenTests2"/>
  <testcase name="compoundMetricChec" time="1.359" classname="com.ontestautomation.restassured.datadriven.RestAssuredDataDrivenTests2"/>
  <testcase name="compoundMetricChec" time="0.053" classname="com.ontestautomation.restassured.datadriven.RestAssuredDataDrivenTests2"/>
  <testcase name="compoundMetricChec" time="0.048" classname="com.ontestautomation.restassured.datadriven.RestAssuredDataDrivenTests2"/>
  <testcase name="compoundMetricChec" time="0.052" classname="com.ontestautomation.restassured.datadriven.RestAssuredDataDrivenTests2"/>
  <testcase name="compoundMetricChec" time="0.065" classname="com.ontestautomation.restassured.datadriven.RestAssuredDataDrivenTests2"/>
  <testcase name="compoundMetricChec" time="0.064" classname="com.ontestautomation.restassured.datadriven.RestAssuredDataDrivenTests2"/>
  <testcase name="compoundMetricChec" time="0.048" classname="com.ontestautomation.restassured.datadriven.RestAssuredDataDrivenTests2"/>
  <testcase name="compoundMetricChec" time="0.051" classname="com.ontestautomation.restassured.datadriven.RestAssuredDataDrivenTests2"/>
  <testcase name="compoundMetricChec" time="0.047" classname="com.ontestautomation.restassured.datadriven.RestAssuredDataDrivenTests2"/>
  <testcase name="compoundMetricChec" time="0.047" classname="com.ontestautomation.restassured.datadriven.RestAssuredDataDrivenTests2"/>
  <testcase name="compoundMetricChec" time="0.048" classname="com.ontestautomation.restassured.datadriven.RestAssuredDataDrivenTests2"/>
  <testcase name="compoundMetricChec" time="0.052" classname="com.ontestautomation.restassured.datadriven.RestAssuredDataDrivenTests2"/>
  <testcase name="compoundMetricChec" time="0.047" classname="com.ontestautomation.restassured.datadriven.RestAssuredDataDrivenTests2"/>
  <testcase name="compoundMetricChec" time="0.073" classname="com.ontestautomation.restassured.datadriven.RestAssuredDataDrivenTests2"/>
  <testcase name="compoundMetricChec" time="0.048" classname="com.ontestautomation.restassured.datadriven.RestAssuredDataDrivenTests2"/>
  <testcase name="compoundMetricChec" time="0.048" classname="com.ontestautomation.restassured.datadriven.RestAssuredDataDrivenTests2"/>
  <testcase name="compoundMetricChec" time="0.049" classname="com.ontestautomation.restassured.datadriven.RestAssuredDataDrivenTests2"/>
  <testcase name="compoundMetricChec" time="0.050" classname="com.ontestautomation.restassured.datadriven.RestAssuredDataDrivenTests2"/>
  <testcase name="compoundMetricChec" time="0.047" classname="com.ontestautomation.restassured.datadriven.RestAssuredDataDrivenTests2"/>
  <testcase name="compoundMetricChec" time="0.048" classname="com.ontestautomation.restassured.datadriven.RestAssuredDataDrivenTests2"/>
  <testcase name="compoundMetricChec" time="0.047" classname="com.ontestautomation.restassured.datadriven.RestAssuredDataDrivenTests2"/>
  <testcase name="compoundMetricChec" time="0.049" classname="com.ontestautomation.restassured.datadriven.RestAssuredDataDrivenTests2"/>
  <testcase name="compoundMetricChec" time="0.049" classname="com.ontestautomation.restassured.datadriven.RestAssuredDataDrivenTests2"/>
  <testcase name="compoundMetricChec" time="0.048" classname="com.ontestautomation.restassured.datadriven.RestAssuredDataDrivenTests2"/>
  <testcase name="compoundMetricChec" time="0.052" classname="com.ontestautomation.restassured.datadriven.RestAssuredDataDrivenTests2"/>
  <testcase name="compoundMetricChec" time="0.049" classname="com.ontestautomation.restassured.datadriven.RestAssuredDataDrivenTests2"/>
  <testcase name="compoundMetricChec" time="0.049" classname="com.ontestautomation.restassured.datadriven.RestAssuredDataDrivenTests2"/>
  <testcase name="compoundMetricChec" time="0.053" classname="com.ontestautomation.restassured.datadriven.RestAssuredDataDrivenTests2"/>
  <testcase name="compoundMetricChec" time="0.056" classname="com.ontestautomation.restassured.datadriven.RestAssuredDataDrivenTests2"/>
  <testcase name="compoundMetricChec" time="0.046" classname="com.ontestautomation.restassured.datadriven.RestAssuredDataDrivenTests2"/>
  <testcase name="compoundMetricChec" time="0.048" classname="com.ontestautomation.restassured.datadriven.RestAssuredDataDrivenTests2"/>
  <testcase name="compoundMetricChec" time="0.046" classname="com.ontestautomation.restassured.datadriven.RestAssuredDataDrivenTests2"/>
  <testcase name="compoundMetricChec" time="0.053" classname="com.ontestautomation.restassured.datadriven.RestAssuredDataDrivenTests2"/>
  <testcase name="compoundMetricChec" time="0.055" classname="com.ontestautomation.restassured.datadriven.RestAssuredDataDrivenTests2"/>
  <testcase name="compoundMetricChec" time="0.047" classname="com.ontestautomation.restassured.datadriven.RestAssuredDataDrivenTests2"/>
  <testcase name="compoundMetricChec" time="0.050" classname="com.ontestautomation.restassured.datadriven.RestAssuredDataDrivenTests2"/>
  <testcase name="compoundMetricChec" time="0.049" classname="com.ontestautomation.restassured.datadriven.RestAssuredDataDrivenTests2"/>
  <testcase name="compoundMetricChec" time="0.046" classname="com.ontestautomation.restassured.datadriven.RestAssuredDataDrivenTests2"/>
  <testcase name="compoundMetricChec" time="0.047" classname="com.ontestautomation.restassured.datadriven.RestAssuredDataDrivenTests2"/>
  <testcase name="compoundMetricChec" time="0.048" classname="com.ontestautomation.restassured.datadriven.RestAssuredDataDrivenTests2"/>
  <testcase name="compoundMetricChec" time="0.049" classname="com.ontestautomation.restassured.datadriven.RestAssuredDataDrivenTests2"/>
  <testcase name="compoundMetricChec" time="0.050" classname="com.ontestautomation.restassured.datadriven.RestAssuredDataDrivenTests2"/>
  <testcase name="compoundMetricChec" time="0.048" classname="com.ontestautomation.restassured.datadriven.RestAssuredDataDrivenTests2"/>
  <testcase name="compoundMetricChec" time="0.047" classname="com.ontestautomation.restassured.datadriven.RestAssuredDataDrivenTests2"/>
  <testcase name="compoundMetricChec" time="0.049" classname="com.ontestautomation.restassured.datadriven.RestAssuredDataDrivenTests2"/>
  <testcase name="compoundMetricChec" time="0.048" classname="com.ontestautomation.restassured.datadriven.RestAssuredDataDrivenTests2"/>
  <testcase name="compoundMetricChec" time="0.062" classname="com.ontestautomation.restassured.datadriven.RestAssuredDataDrivenTests2"/>
  <testcase name="compoundMetricChec" time="0.050" classname="com.ontestautomation.restassured.datadriven.RestAssuredDataDrivenTests2"/>
  <testcase name="compoundMetricChec" time="0.050" classname="com.ontestautomation.restassured.datadriven.RestAssuredDataDrivenTests2"/>
  <testcase name="compoundMetricChec" time="0.050" classname="com.ontestautomation.restassured.datadriven.RestAssuredDataDrivenTests2"/>
  <testcase name="compoundMetricChec" time="0.047" classname="com.ontestautomation.restassured.datadriven.RestAssuredDataDrivenTests2"/>
  <testcase name="compoundMetricChec" time="0.065" classname="com.ontestautomation.restassured.datadriven.RestAssuredDataDrivenTests2"/>
</testsuite> <!-- com.ontestautomation.restassured.datadriven.RestAssuredDataDrivenTests2 -->
